Drill report for Turtlepad Finalplz.kicad_pcb
Created on 2025-03-23T18:30:24-0700

Copper Layer Stackup:
    =============================================================
    L1 :  F.Cu                      front
    L2 :  B.Cu                      back


Drill file 'Turtlepad Finalplz-PTH.drl' contains
    plated through holes:
    =============================================================
    T1  0.300mm  0.0118"  (19 holes)
    T2  0.800mm  0.0315"  (24 holes)
    T3  0.889mm  0.0350"  (14 holes)
    T4  1.000mm  0.0394"  (5 holes)
    T5  1.500mm  0.0591"  (24 holes)
    T6  2.600mm  0.1024"  (2 holes)

    Total plated holes count 88


Drill file 'Turtlepad Finalplz-NPTH.drl' contains
    unplated through holes:
    =============================================================
    T1  1.700mm  0.0669"  (24 holes)
    T2  4.000mm  0.1575"  (12 holes)

    Total unplated holes count 36
